Build started 10/17/2012 1:47:17 PM.
     1>Project "\\appdata1.fvtc.edu\userdata$\baldwinj\my documents\visual studio 2010\Projects\2DArray\2DArray\2DArray.vcxproj" on node 2 (build target(s)).
     1>PrepareForBuild:
         Creating directory "\\appdata1.fvtc.edu\userdata$\baldwinj\my documents\visual studio 2010\Projects\2DArray\Debug\".
       InitializeBuildStatus:
         Creating "Debug\2DArray.unsuccessfulbuild" because "AlwaysCreate" was specified.
       ClCompile:
         c:\Program Files (x86)\Microsoft Visual Studio 10.0\VC\bin\CL.exe /c /ZI /nologo /W3 /WX- /Od /Oy- /D _MBCS /Gm /EHsc /RTC1 /MDd /GS /fp:precise /Zc:wchar_t /Zc:forScope /Fo"Debug\\" /Fd"Debug\vc100.pdb" /Gd /TP /analyze- /errorReport:prompt main.cpp
         main.cpp
       Link:
         c:\Program Files (x86)\Microsoft Visual Studio 10.0\VC\bin\link.exe /ERRORREPORT:PROMPT /OUT:"\\appdata1.fvtc.edu\userdata$\baldwinj\my documents\visual studio 2010\Projects\2DArray\Debug\2DArray.exe" /NOLOGO kernel32.lib user32.lib gdi32.lib winspool.lib comdlg32.lib advapi32.lib shell32.lib ole32.lib oleaut32.lib uuid.lib odbc32.lib odbccp32.lib /MANIFEST /ManifestFile:"Debug\2DArray.exe.intermediate.manifest" /MANIFESTUAC:"level='asInvoker' uiAccess='false'" /DEBUG /PDB:"\\appdata1.fvtc.edu\userdata$\baldwinj\my documents\visual studio 2010\Projects\2DArray\Debug\2DArray.pdb" /TLBID:1 /DYNAMICBASE /NXCOMPAT /IMPLIB:"\\appdata1.fvtc.edu\userdata$\baldwinj\my documents\visual studio 2010\Projects\2DArray\Debug\2DArray.lib" /MACHINE:X86 Debug\main.obj
         2DArray.vcxproj -> \\appdata1.fvtc.edu\userdata$\baldwinj\my documents\visual studio 2010\Projects\2DArray\Debug\2DArray.exe
       Manifest:
         C:\Program Files (x86)\Microsoft SDKs\Windows\v7.0A\bin\mt.exe /nologo /verbose /outputresource:"\\appdata1.fvtc.edu\userdata$\baldwinj\my documents\visual studio 2010\Projects\2DArray\Debug\2DArray.exe;#1" /manifest Debug\2DArray.exe.intermediate.manifest
       FinalizeBuildStatus:
         Deleting file "Debug\2DArray.unsuccessfulbuild".
         Touching "Debug\2DArray.lastbuildstate".
     1>Done Building Project "\\appdata1.fvtc.edu\userdata$\baldwinj\my documents\visual studio 2010\Projects\2DArray\2DArray\2DArray.vcxproj" (build target(s)).

Build succeeded.

Time Elapsed 00:00:01.61
