C:\PROJECTS\C-PLUS-PLUS-OPENGL\12_05_12\SHAPESCLASS\BLANKGL\DEBUG\BLANKGL.EXE.INTERMEDIATE.MANIFEST
C:\PROJECTS\C-PLUS-PLUS-OPENGL\12_05_12\SHAPESCLASS\BLANKGL\DEBUG\MAIN.OBJ
C:\PROJECTS\C-PLUS-PLUS-OPENGL\12_05_12\SHAPESCLASS\BLANKGL\DEBUG\SQUARE.OBJ
C:\PROJECTS\C-PLUS-PLUS-OPENGL\12_05_12\SHAPESCLASS\BLANKGL\DEBUG\VC100.PDB
C:\PROJECTS\C-PLUS-PLUS-OPENGL\12_05_12\SHAPESCLASS\DEBUG\BLANKGL.EXE
C:\PROJECTS\C-PLUS-PLUS-OPENGL\12_05_12\SHAPESCLASS\DEBUG\BLANKGL.ILK
C:\PROJECTS\C-PLUS-PLUS-OPENGL\12_05_12\SHAPESCLASS\DEBUG\BLANKGL.PDB
C:\USERS\BALDWINJ\DESKTOP\C-PLUS-PLUS-OPENGL\12_03_12\BLANKGL\BLANKGL\DEBUG\BLANKGL.EXE.INTERMEDIATE.MANIFEST
C:\USERS\BALDWINJ\DESKTOP\C-PLUS-PLUS-OPENGL\12_03_12\BLANKGL\BLANKGL\DEBUG\MAIN.OBJ
C:\USERS\BALDWINJ\DESKTOP\C-PLUS-PLUS-OPENGL\12_03_12\BLANKGL\BLANKGL\DEBUG\VC100.PDB
C:\USERS\BALDWINJ\DESKTOP\C-PLUS-PLUS-OPENGL\12_03_12\BLANKGL\DEBUG\BLANKGL.EXE
C:\USERS\BALDWINJ\DESKTOP\C-PLUS-PLUS-OPENGL\12_03_12\BLANKGL\DEBUG\BLANKGL.ILK
C:\USERS\BALDWINJ\DESKTOP\C-PLUS-PLUS-OPENGL\12_03_12\BLANKGL\DEBUG\BLANKGL.PDB
C:\USERS\BALDWINJ\DESKTOP\C-PLUS-PLUS-OPENGL\12_03_12\SHAPESCLASS\BLANKGL\DEBUG\BLANKGL.EXE.INTERMEDIATE.MANIFEST
C:\USERS\BALDWINJ\DESKTOP\C-PLUS-PLUS-OPENGL\12_03_12\SHAPESCLASS\BLANKGL\DEBUG\MAIN.OBJ
C:\USERS\BALDWINJ\DESKTOP\C-PLUS-PLUS-OPENGL\12_03_12\SHAPESCLASS\BLANKGL\DEBUG\SQUARE.OBJ
C:\USERS\BALDWINJ\DESKTOP\C-PLUS-PLUS-OPENGL\12_03_12\SHAPESCLASS\BLANKGL\DEBUG\VC100.PDB
C:\USERS\BALDWINJ\DESKTOP\C-PLUS-PLUS-OPENGL\12_03_12\SHAPESCLASS\DEBUG\BLANKGL.EXE
C:\USERS\BALDWINJ\DESKTOP\C-PLUS-PLUS-OPENGL\12_03_12\SHAPESCLASS\DEBUG\BLANKGL.ILK
C:\USERS\BALDWINJ\DESKTOP\C-PLUS-PLUS-OPENGL\12_03_12\SHAPESCLASS\DEBUG\BLANKGL.PDB
C:\USERS\BALDWINJ\DESKTOP\C-PLUS-PLUS-OPENGL\12_05_12\SHAPESCLASS\BLANKGL\DEBUG\BLANKGL.EXE.INTERMEDIATE.MANIFEST
C:\USERS\BALDWINJ\DESKTOP\C-PLUS-PLUS-OPENGL\12_05_12\SHAPESCLASS\BLANKGL\DEBUG\MAIN.OBJ
C:\USERS\BALDWINJ\DESKTOP\C-PLUS-PLUS-OPENGL\12_05_12\SHAPESCLASS\BLANKGL\DEBUG\SQUARE.OBJ
C:\USERS\BALDWINJ\DESKTOP\C-PLUS-PLUS-OPENGL\12_05_12\SHAPESCLASS\BLANKGL\DEBUG\VC100.PDB
C:\USERS\BALDWINJ\DESKTOP\C-PLUS-PLUS-OPENGL\12_05_12\SHAPESCLASS\DEBUG\BLANKGL.EXE
C:\USERS\BALDWINJ\DESKTOP\C-PLUS-PLUS-OPENGL\12_05_12\SHAPESCLASS\DEBUG\BLANKGL.ILK
C:\USERS\BALDWINJ\DESKTOP\C-PLUS-PLUS-OPENGL\12_05_12\SHAPESCLASS\DEBUG\BLANKGL.PDB
C:\USERS\BALDWINJ\DESKTOP\C-PLUS-PLUS-OPENGL\12_10_12\SHAPESCLASS\BLANKGL\DEBUG\BLANKGL.EXE.INTERMEDIATE.MANIFEST
C:\Users\baldwinj\Desktop\c-plus-plus-opengl\12_10_12\ShapesClass\BlankGL\Debug\cl.command.1.tlog
C:\Users\baldwinj\Desktop\c-plus-plus-opengl\12_10_12\ShapesClass\BlankGL\Debug\CL.read.1.tlog
C:\Users\baldwinj\Desktop\c-plus-plus-opengl\12_10_12\ShapesClass\BlankGL\Debug\CL.write.1.tlog
C:\Users\baldwinj\Desktop\c-plus-plus-opengl\12_10_12\ShapesClass\BlankGL\Debug\link.command.1.tlog
C:\Users\baldwinj\Desktop\c-plus-plus-opengl\12_10_12\ShapesClass\BlankGL\Debug\link.read.1.tlog
C:\Users\baldwinj\Desktop\c-plus-plus-opengl\12_10_12\ShapesClass\BlankGL\Debug\link.write.1.tlog
C:\USERS\BALDWINJ\DESKTOP\C-PLUS-PLUS-OPENGL\12_10_12\SHAPESCLASS\BLANKGL\DEBUG\MAIN.OBJ
C:\Users\baldwinj\Desktop\c-plus-plus-opengl\12_10_12\ShapesClass\BlankGL\Debug\mt.command.1.tlog
C:\Users\baldwinj\Desktop\c-plus-plus-opengl\12_10_12\ShapesClass\BlankGL\Debug\mt.read.1.tlog
C:\Users\baldwinj\Desktop\c-plus-plus-opengl\12_10_12\ShapesClass\BlankGL\Debug\mt.write.1.tlog
C:\USERS\BALDWINJ\DESKTOP\C-PLUS-PLUS-OPENGL\12_10_12\SHAPESCLASS\BLANKGL\DEBUG\SQUARE.OBJ
C:\Users\baldwinj\Desktop\c-plus-plus-opengl\12_10_12\ShapesClass\BlankGL\Debug\vc100.idb
C:\USERS\BALDWINJ\DESKTOP\C-PLUS-PLUS-OPENGL\12_10_12\SHAPESCLASS\BLANKGL\DEBUG\VC100.PDB
C:\USERS\BALDWINJ\DESKTOP\C-PLUS-PLUS-OPENGL\12_10_12\SHAPESCLASS\DEBUG\BLANKGL.EXE
C:\USERS\BALDWINJ\DESKTOP\C-PLUS-PLUS-OPENGL\12_10_12\SHAPESCLASS\DEBUG\BLANKGL.ILK
C:\USERS\BALDWINJ\DESKTOP\C-PLUS-PLUS-OPENGL\12_10_12\SHAPESCLASS\DEBUG\BLANKGL.PDB
