Build started 9/5/2012 1:35:02 PM.
     1>Project "C:\Users\TEMP\Desktop\GitHub\c-plus-plus-demo\09_05_12\cout\cout\cout.vcxproj" on node 2 (build target(s)).
     1>InitializeBuildStatus:
         Creating "Debug\cout.unsuccessfulbuild" because "AlwaysCreate" was specified.
       ClCompile:
         c:\Program Files (x86)\Microsoft Visual Studio 10.0\VC\bin\CL.exe /c /ZI /nologo /W3 /WX- /Od /Oy- /D _MBCS /Gm /EHsc /RTC1 /MDd /GS /fp:precise /Zc:wchar_t /Zc:forScope /Fo"Debug\\" /Fd"Debug\vc100.pdb" /Gd /TP /analyze- /errorReport:prompt main.cpp
         main.cpp
     1>c:\users\temp\desktop\github\c-plus-plus-demo\09_05_12\cout\cout\main.cpp(18): warning C4305: 'initializing' : truncation from 'double' to 'float'
     1>c:\users\temp\desktop\github\c-plus-plus-demo\09_05_12\cout\cout\main.cpp(20): warning C4244: 'initializing' : conversion from 'double' to 'float', possible loss of data
     1>c:\users\temp\desktop\github\c-plus-plus-demo\09_05_12\cout\cout\main.cpp(29): warning C4996: 'getch': The POSIX name for this item is deprecated. Instead, use the ISO C++ conformant name: _getch. See online help for details.
                 c:\program files (x86)\microsoft visual studio 10.0\vc\include\conio.h(128) : see declaration of 'getch'
       Link:
         c:\Program Files (x86)\Microsoft Visual Studio 10.0\VC\bin\link.exe /ERRORREPORT:PROMPT /OUT:"C:\Users\TEMP\Desktop\GitHub\c-plus-plus-demo\09_05_12\cout\Debug\cout.exe" /NOLOGO kernel32.lib user32.lib gdi32.lib winspool.lib comdlg32.lib advapi32.lib shell32.lib ole32.lib oleaut32.lib uuid.lib odbc32.lib odbccp32.lib /MANIFEST /ManifestFile:"Debug\cout.exe.intermediate.manifest" /MANIFESTUAC:"level='asInvoker' uiAccess='false'" /DEBUG /PDB:"C:\Users\TEMP\Desktop\GitHub\c-plus-plus-demo\09_05_12\cout\Debug\cout.pdb" /TLBID:1 /DYNAMICBASE /NXCOMPAT /IMPLIB:"C:\Users\TEMP\Desktop\GitHub\c-plus-plus-demo\09_05_12\cout\Debug\cout.lib" /MACHINE:X86 Debug\main.obj
         LINK : C:\Users\TEMP\Desktop\GitHub\c-plus-plus-demo\09_05_12\cout\Debug\cout.exe not found or not built by the last incremental link; performing full link
         cout.vcxproj -> C:\Users\TEMP\Desktop\GitHub\c-plus-plus-demo\09_05_12\cout\Debug\cout.exe
       Manifest:
         C:\Program Files (x86)\Microsoft SDKs\Windows\v7.0A\bin\mt.exe /nologo /verbose /outputresource:"C:\Users\TEMP\Desktop\GitHub\c-plus-plus-demo\09_05_12\cout\Debug\cout.exe;#1" /manifest Debug\cout.exe.intermediate.manifest
       FinalizeBuildStatus:
         Deleting file "Debug\cout.unsuccessfulbuild".
         Touching "Debug\cout.lastbuildstate".
     1>Done Building Project "C:\Users\TEMP\Desktop\GitHub\c-plus-plus-demo\09_05_12\cout\cout\cout.vcxproj" (build target(s)).

Build succeeded.

Time Elapsed 00:00:00.59
