<<<<<<< HEAD
﻿Build started 12/17/2012 2:21:53 PM.
     1>Project "C:\Users\baldwinj\Desktop\c-plus-plus-opengl\12_17_12\Textures\BlankGL\BlankGL.vcxproj" on node 2 (build target(s)).
     1>InitializeBuildStatus:
         Creating "Debug\BlankGL.unsuccessfulbuild" because "AlwaysCreate" was specified.
       ClCompile:
         c:\Program Files (x86)\Microsoft Visual Studio 10.0\VC\bin\CL.exe /c /ZI /nologo /W3 /WX- /Od /Oy- /D _MBCS /Gm /EHsc /RTC1 /MDd /GS /fp:precise /Zc:wchar_t /Zc:forScope /Fo"Debug\\" /Fd"Debug\vc100.pdb" /Gd /TP /analyze- /errorReport:prompt square.cpp
         square.cpp
     1>c:\users\baldwinj\desktop\c-plus-plus-opengl\12_17_12\textures\blankgl\square.cpp(211): warning C4172: returning address of local variable or temporary
       Link:
         c:\Program Files (x86)\Microsoft Visual Studio 10.0\VC\bin\link.exe /ERRORREPORT:PROMPT /OUT:"C:\Users\baldwinj\Desktop\c-plus-plus-opengl\12_17_12\Textures\Debug\BlankGL.exe" /NOLOGO kernel32.lib user32.lib gdi32.lib winspool.lib comdlg32.lib advapi32.lib shell32.lib ole32.lib oleaut32.lib uuid.lib odbc32.lib odbccp32.lib /MANIFEST /ManifestFile:"Debug\BlankGL.exe.intermediate.manifest" /MANIFESTUAC:"level='asInvoker' uiAccess='false'" /DEBUG /PDB:"C:\Users\baldwinj\Desktop\c-plus-plus-opengl\12_17_12\Textures\Debug\BlankGL.pdb" /TLBID:1 /DYNAMICBASE /NXCOMPAT /IMPLIB:"C:\Users\baldwinj\Desktop\c-plus-plus-opengl\12_17_12\Textures\Debug\BlankGL.lib" /MACHINE:X86 Debug\main.obj
         Debug\rectangle.obj
         Debug\square.obj
         LINK : C:\Users\baldwinj\Desktop\c-plus-plus-opengl\12_17_12\Textures\Debug\BlankGL.exe not found or not built by the last incremental link; performing full link
         BlankGL.vcxproj -> C:\Users\baldwinj\Desktop\c-plus-plus-opengl\12_17_12\Textures\Debug\BlankGL.exe
       Manifest:
         C:\Program Files (x86)\Microsoft SDKs\Windows\v7.0A\bin\mt.exe /nologo /verbose /outputresource:"C:\Users\baldwinj\Desktop\c-plus-plus-opengl\12_17_12\Textures\Debug\BlankGL.exe;#1" /manifest Debug\BlankGL.exe.intermediate.manifest
       FinalizeBuildStatus:
         Deleting file "Debug\BlankGL.unsuccessfulbuild".
         Touching "Debug\BlankGL.lastbuildstate".
     1>Done Building Project "C:\Users\baldwinj\Desktop\c-plus-plus-opengl\12_17_12\Textures\BlankGL\BlankGL.vcxproj" (build target(s)).

Build succeeded.

Time Elapsed 00:00:00.62
=======
﻿Build started 12/17/2012 5:15:32 PM.
     1>Project "C:\Projects\c-plus-plus-opengl\12_17_12\Textures\BlankGL\BlankGL.vcxproj" on node 2 (build target(s)).
     1>InitializeBuildStatus:
         Touching "Debug\BlankGL.unsuccessfulbuild".
       ClCompile:
         C:\Program Files (x86)\Microsoft Visual Studio 10.0\VC\bin\CL.exe /c /ZI /nologo /W3 /WX- /Od /Oy- /D _MBCS /Gm /EHsc /RTC1 /MDd /GS /fp:precise /Zc:wchar_t /Zc:forScope /Fo"Debug\\" /Fd"Debug\vc100.pdb" /Gd /TP /analyze- /errorReport:prompt main.cpp
         main.cpp
     1>c:\projects\c-plus-plus-opengl\12_17_12\textures\blankgl\main.cpp(224): warning C4996: 'fopen': This function or variable may be unsafe. Consider using fopen_s instead. To disable deprecation, use _CRT_SECURE_NO_WARNINGS. See online help for details.
                 c:\program files (x86)\microsoft visual studio 10.0\vc\include\stdio.h(234) : see declaration of 'fopen'
     1>c:\projects\c-plus-plus-opengl\12_17_12\textures\blankgl\main.cpp(386): warning C4018: '<' : signed/unsigned mismatch
       Link:
         C:\Program Files (x86)\Microsoft Visual Studio 10.0\VC\bin\link.exe /ERRORREPORT:PROMPT /OUT:"C:\Projects\c-plus-plus-opengl\12_17_12\Textures\Debug\BlankGL.exe" /NOLOGO kernel32.lib user32.lib gdi32.lib winspool.lib comdlg32.lib advapi32.lib shell32.lib ole32.lib oleaut32.lib uuid.lib odbc32.lib odbccp32.lib /MANIFEST /ManifestFile:"Debug\BlankGL.exe.intermediate.manifest" /MANIFESTUAC:"level='asInvoker' uiAccess='false'" /DEBUG /PDB:"C:\Projects\c-plus-plus-opengl\12_17_12\Textures\Debug\BlankGL.pdb" /TLBID:1 /DYNAMICBASE /NXCOMPAT /IMPLIB:"C:\Projects\c-plus-plus-opengl\12_17_12\Textures\Debug\BlankGL.lib" /MACHINE:X86 Debug\lodepng.obj
         Debug\main.obj
         Debug\rectangle.obj
         Debug\square.obj
         LINK : C:\Projects\c-plus-plus-opengl\12_17_12\Textures\Debug\BlankGL.exe not found or not built by the last incremental link; performing full link
         BlankGL.vcxproj -> C:\Projects\c-plus-plus-opengl\12_17_12\Textures\Debug\BlankGL.exe
       Manifest:
         C:\Program Files (x86)\Microsoft SDKs\Windows\v7.0A\bin\mt.exe /nologo /verbose /outputresource:"C:\Projects\c-plus-plus-opengl\12_17_12\Textures\Debug\BlankGL.exe;#1" /manifest Debug\BlankGL.exe.intermediate.manifest
       FinalizeBuildStatus:
         Deleting file "Debug\BlankGL.unsuccessfulbuild".
         Touching "Debug\BlankGL.lastbuildstate".
     1>Done Building Project "C:\Projects\c-plus-plus-opengl\12_17_12\Textures\BlankGL\BlankGL.vcxproj" (build target(s)).

Build succeeded.

Time Elapsed 00:00:01.08
>>>>>>> texture
