Build started 10/10/2012 1:52:44 PM.
     1>Project "c:\Users\student\documents\visual studio 2010\Projects\MoreReference\MoreReference\MoreReference.vcxproj" on node 2 (build target(s)).
     1>PrepareForBuild:
         Creating directory "c:\users\student\documents\visual studio 2010\Projects\MoreReference\Debug\".
       InitializeBuildStatus:
         Creating "Debug\MoreReference.unsuccessfulbuild" because "AlwaysCreate" was specified.
       ClCompile:
         c:\Program Files (x86)\Microsoft Visual Studio 10.0\VC\bin\CL.exe /c /ZI /nologo /W3 /WX- /Od /Oy- /D _MBCS /Gm /EHsc /RTC1 /MDd /GS /fp:precise /Zc:wchar_t /Zc:forScope /Fo"Debug\\" /Fd"Debug\vc100.pdb" /Gd /TP /analyze- /errorReport:prompt main.cpp
         main.cpp
       Link:
         c:\Program Files (x86)\Microsoft Visual Studio 10.0\VC\bin\link.exe /ERRORREPORT:PROMPT /OUT:"c:\users\student\documents\visual studio 2010\Projects\MoreReference\Debug\MoreReference.exe" /NOLOGO kernel32.lib user32.lib gdi32.lib winspool.lib comdlg32.lib advapi32.lib shell32.lib ole32.lib oleaut32.lib uuid.lib odbc32.lib odbccp32.lib /MANIFEST /ManifestFile:"Debug\MoreReference.exe.intermediate.manifest" /MANIFESTUAC:"level='asInvoker' uiAccess='false'" /DEBUG /PDB:"c:\users\student\documents\visual studio 2010\Projects\MoreReference\Debug\MoreReference.pdb" /TLBID:1 /DYNAMICBASE /NXCOMPAT /IMPLIB:"c:\users\student\documents\visual studio 2010\Projects\MoreReference\Debug\MoreReference.lib" /MACHINE:X86 Debug\main.obj
         MoreReference.vcxproj -> c:\users\student\documents\visual studio 2010\Projects\MoreReference\Debug\MoreReference.exe
       Manifest:
         C:\Program Files (x86)\Microsoft SDKs\Windows\v7.0A\bin\mt.exe /nologo /verbose /outputresource:"c:\users\student\documents\visual studio 2010\Projects\MoreReference\Debug\MoreReference.exe;#1" /manifest Debug\MoreReference.exe.intermediate.manifest
       FinalizeBuildStatus:
         Deleting file "Debug\MoreReference.unsuccessfulbuild".
         Touching "Debug\MoreReference.lastbuildstate".
     1>Done Building Project "c:\Users\student\documents\visual studio 2010\Projects\MoreReference\MoreReference\MoreReference.vcxproj" (build target(s)).

Build succeeded.

Time Elapsed 00:00:00.96
