Build started 9/10/2012 1:22:38 PM.
     1>Project "\\appdata1.fvtc.edu\userdata$\baldwinj\my documents\visual studio 2010\Projects\ReportCard\ReportCard\ReportCard.vcxproj" on node 2 (build target(s)).
     1>InitializeBuildStatus:
         Creating "Debug\ReportCard.unsuccessfulbuild" because "AlwaysCreate" was specified.
       ClCompile:
         c:\Program Files (x86)\Microsoft Visual Studio 10.0\VC\bin\CL.exe /c /ZI /nologo /W3 /WX- /Od /Oy- /D _MBCS /Gm /EHsc /RTC1 /MDd /GS /fp:precise /Zc:wchar_t /Zc:forScope /Fo"Debug\\" /Fd"Debug\vc100.pdb" /Gd /TP /analyze- /errorReport:prompt main.cpp
         main.cpp
     1>\\appdata1.fvtc.edu\userdata$\baldwinj\my documents\visual studio 2010\projects\reportcard\reportcard\main.cpp(9): warning C4305: 'initializing' : truncation from 'double' to 'float'
     1>\\appdata1.fvtc.edu\userdata$\baldwinj\my documents\visual studio 2010\projects\reportcard\reportcard\main.cpp(11): warning C4305: 'initializing' : truncation from 'double' to 'float'
       Link:
         c:\Program Files (x86)\Microsoft Visual Studio 10.0\VC\bin\link.exe /ERRORREPORT:PROMPT /OUT:"\\appdata1.fvtc.edu\userdata$\baldwinj\my documents\visual studio 2010\Projects\ReportCard\Debug\ReportCard.exe" /NOLOGO kernel32.lib user32.lib gdi32.lib winspool.lib comdlg32.lib advapi32.lib shell32.lib ole32.lib oleaut32.lib uuid.lib odbc32.lib odbccp32.lib /MANIFEST /ManifestFile:"Debug\ReportCard.exe.intermediate.manifest" /MANIFESTUAC:"level='asInvoker' uiAccess='false'" /DEBUG /PDB:"\\appdata1.fvtc.edu\userdata$\baldwinj\my documents\visual studio 2010\Projects\ReportCard\Debug\ReportCard.pdb" /TLBID:1 /DYNAMICBASE /NXCOMPAT /IMPLIB:"\\appdata1.fvtc.edu\userdata$\baldwinj\my documents\visual studio 2010\Projects\ReportCard\Debug\ReportCard.lib" /MACHINE:X86 Debug\main.obj
         LINK : \\appdata1.fvtc.edu\userdata$\baldwinj\my documents\visual studio 2010\Projects\ReportCard\Debug\ReportCard.exe not found or not built by the last incremental link; performing full link
         ReportCard.vcxproj -> \\appdata1.fvtc.edu\userdata$\baldwinj\my documents\visual studio 2010\Projects\ReportCard\Debug\ReportCard.exe
       Manifest:
         C:\Program Files (x86)\Microsoft SDKs\Windows\v7.0A\bin\mt.exe /nologo /verbose /outputresource:"\\appdata1.fvtc.edu\userdata$\baldwinj\my documents\visual studio 2010\Projects\ReportCard\Debug\ReportCard.exe;#1" /manifest Debug\ReportCard.exe.intermediate.manifest
       FinalizeBuildStatus:
         Deleting file "Debug\ReportCard.unsuccessfulbuild".
         Touching "Debug\ReportCard.lastbuildstate".
     1>Done Building Project "\\appdata1.fvtc.edu\userdata$\baldwinj\my documents\visual studio 2010\Projects\ReportCard\ReportCard\ReportCard.vcxproj" (build target(s)).

Build succeeded.

Time Elapsed 00:00:01.23
