Build started 10/10/2012 1:39:12 PM.
     1>Project "c:\Users\student\documents\visual studio 2010\Projects\Arrays\Arrays\Arrays.vcxproj" on node 2 (build target(s)).
     1>InitializeBuildStatus:
         Creating "Debug\Arrays.unsuccessfulbuild" because "AlwaysCreate" was specified.
       ClCompile:
         c:\Program Files (x86)\Microsoft Visual Studio 10.0\VC\bin\CL.exe /c /ZI /nologo /W3 /WX- /Od /Oy- /D _MBCS /Gm /EHsc /RTC1 /MDd /GS /fp:precise /Zc:wchar_t /Zc:forScope /Fo"Debug\\" /Fd"Debug\vc100.pdb" /Gd /TP /analyze- /errorReport:prompt main.cpp
         main.cpp
     1>c:\users\student\documents\visual studio 2010\projects\arrays\arrays\main.cpp(15): warning C4305: 'initializing' : truncation from 'double' to 'float'
     1>c:\users\student\documents\visual studio 2010\projects\arrays\arrays\main.cpp(17): warning C4101: 'grades2' : unreferenced local variable
       Link:
         c:\Program Files (x86)\Microsoft Visual Studio 10.0\VC\bin\link.exe /ERRORREPORT:PROMPT /OUT:"c:\users\student\documents\visual studio 2010\Projects\Arrays\Debug\Arrays.exe" /NOLOGO kernel32.lib user32.lib gdi32.lib winspool.lib comdlg32.lib advapi32.lib shell32.lib ole32.lib oleaut32.lib uuid.lib odbc32.lib odbccp32.lib /MANIFEST /ManifestFile:"Debug\Arrays.exe.intermediate.manifest" /MANIFESTUAC:"level='asInvoker' uiAccess='false'" /DEBUG /PDB:"c:\users\student\documents\visual studio 2010\Projects\Arrays\Debug\Arrays.pdb" /TLBID:1 /DYNAMICBASE /NXCOMPAT /IMPLIB:"c:\users\student\documents\visual studio 2010\Projects\Arrays\Debug\Arrays.lib" /MACHINE:X86 Debug\main.obj
         LINK : c:\users\student\documents\visual studio 2010\Projects\Arrays\Debug\Arrays.exe not found or not built by the last incremental link; performing full link
         Arrays.vcxproj -> c:\users\student\documents\visual studio 2010\Projects\Arrays\Debug\Arrays.exe
       Manifest:
         C:\Program Files (x86)\Microsoft SDKs\Windows\v7.0A\bin\mt.exe /nologo /verbose /outputresource:"c:\users\student\documents\visual studio 2010\Projects\Arrays\Debug\Arrays.exe;#1" /manifest Debug\Arrays.exe.intermediate.manifest
       FinalizeBuildStatus:
         Deleting file "Debug\Arrays.unsuccessfulbuild".
         Touching "Debug\Arrays.lastbuildstate".
     1>Done Building Project "c:\Users\student\documents\visual studio 2010\Projects\Arrays\Arrays\Arrays.vcxproj" (build target(s)).

Build succeeded.

Time Elapsed 00:00:00.96
