Build started 11/19/2012 12:57:44 PM.
     1>Project "C:\Users\baldwinj\Desktop\overloading\overloading\overloading.vcxproj" on node 2 (build target(s)).
     1>InitializeBuildStatus:
         Creating "Debug\overloading.unsuccessfulbuild" because "AlwaysCreate" was specified.
       ClCompile:
         c:\Program Files (x86)\Microsoft Visual Studio 10.0\VC\bin\CL.exe /c /ZI /nologo /W3 /WX- /Od /Oy- /D _MBCS /Gm /EHsc /RTC1 /MDd /GS /fp:precise /Zc:wchar_t /Zc:forScope /Fo"Debug\\" /Fd"Debug\vc100.pdb" /Gd /TP /analyze- /errorReport:prompt main.cpp
         main.cpp
       Link:
         c:\Program Files (x86)\Microsoft Visual Studio 10.0\VC\bin\link.exe /ERRORREPORT:PROMPT /OUT:"C:\Users\baldwinj\Desktop\overloading\Debug\overloading.exe" /NOLOGO kernel32.lib user32.lib gdi32.lib winspool.lib comdlg32.lib advapi32.lib shell32.lib ole32.lib oleaut32.lib uuid.lib odbc32.lib odbccp32.lib /MANIFEST /ManifestFile:"Debug\overloading.exe.intermediate.manifest" /MANIFESTUAC:"level='asInvoker' uiAccess='false'" /DEBUG /PDB:"C:\Users\baldwinj\Desktop\overloading\Debug\overloading.pdb" /TLBID:1 /DYNAMICBASE /NXCOMPAT /IMPLIB:"C:\Users\baldwinj\Desktop\overloading\Debug\overloading.lib" /MACHINE:X86 Debug\box.obj
         Debug\main.obj
         LINK : C:\Users\baldwinj\Desktop\overloading\Debug\overloading.exe not found or not built by the last incremental link; performing full link
         overloading.vcxproj -> C:\Users\baldwinj\Desktop\overloading\Debug\overloading.exe
       Manifest:
         C:\Program Files (x86)\Microsoft SDKs\Windows\v7.0A\bin\mt.exe /nologo /verbose /outputresource:"C:\Users\baldwinj\Desktop\overloading\Debug\overloading.exe;#1" /manifest Debug\overloading.exe.intermediate.manifest
       FinalizeBuildStatus:
         Deleting file "Debug\overloading.unsuccessfulbuild".
         Touching "Debug\overloading.lastbuildstate".
     1>Done Building Project "C:\Users\baldwinj\Desktop\overloading\overloading\overloading.vcxproj" (build target(s)).

Build succeeded.

Time Elapsed 00:00:00.57
