Build started 11/21/2012 1:32:38 PM.
     1>Project "c:\Users\student\documents\visual studio 2010\Projects\fractions\fractions\fractions.vcxproj" on node 2 (build target(s)).
     1>InitializeBuildStatus:
         Creating "Debug\fractions.unsuccessfulbuild" because "AlwaysCreate" was specified.
       ClCompile:
         c:\Program Files (x86)\Microsoft Visual Studio 10.0\VC\bin\CL.exe /c /ZI /nologo /W3 /WX- /Od /Oy- /D _MBCS /Gm /EHsc /RTC1 /MDd /GS /fp:precise /Zc:wchar_t /Zc:forScope /Fo"Debug\\" /Fd"Debug\vc100.pdb" /Gd /TP /analyze- /errorReport:prompt main.cpp
         main.cpp
       Link:
         c:\Program Files (x86)\Microsoft Visual Studio 10.0\VC\bin\link.exe /ERRORREPORT:PROMPT /OUT:"c:\users\student\documents\visual studio 2010\Projects\fractions\Debug\fractions.exe" /NOLOGO kernel32.lib user32.lib gdi32.lib winspool.lib comdlg32.lib advapi32.lib shell32.lib ole32.lib oleaut32.lib uuid.lib odbc32.lib odbccp32.lib /MANIFEST /ManifestFile:"Debug\fractions.exe.intermediate.manifest" /MANIFESTUAC:"level='asInvoker' uiAccess='false'" /DEBUG /PDB:"c:\users\student\documents\visual studio 2010\Projects\fractions\Debug\fractions.pdb" /TLBID:1 /DYNAMICBASE /NXCOMPAT /IMPLIB:"c:\users\student\documents\visual studio 2010\Projects\fractions\Debug\fractions.lib" /MACHINE:X86 Debug\fraction.obj
         Debug\main.obj
         LINK : c:\users\student\documents\visual studio 2010\Projects\fractions\Debug\fractions.exe not found or not built by the last incremental link; performing full link
         fractions.vcxproj -> c:\users\student\documents\visual studio 2010\Projects\fractions\Debug\fractions.exe
       Manifest:
         C:\Program Files (x86)\Microsoft SDKs\Windows\v7.0A\bin\mt.exe /nologo /verbose /outputresource:"c:\users\student\documents\visual studio 2010\Projects\fractions\Debug\fractions.exe;#1" /manifest Debug\fractions.exe.intermediate.manifest
       FinalizeBuildStatus:
         Deleting file "Debug\fractions.unsuccessfulbuild".
         Touching "Debug\fractions.lastbuildstate".
     1>Done Building Project "c:\Users\student\documents\visual studio 2010\Projects\fractions\fractions\fractions.vcxproj" (build target(s)).

Build succeeded.

Time Elapsed 00:00:00.56
