Build started 9/5/2012 1:53:30 PM.
     1>Project "C:\Users\TEMP\Desktop\GitHub\c-plus-plus-demo\09_05_12\variables\variables\variables.vcxproj" on node 2 (build target(s)).
     1>InitializeBuildStatus:
         Creating "Debug\variables.unsuccessfulbuild" because "AlwaysCreate" was specified.
       ClCompile:
         c:\Program Files (x86)\Microsoft Visual Studio 10.0\VC\bin\CL.exe /c /ZI /nologo /W3 /WX- /Od /Oy- /D _MBCS /Gm /EHsc /RTC1 /MDd /GS /fp:precise /Zc:wchar_t /Zc:forScope /Fo"Debug\\" /Fd"Debug\vc100.pdb" /Gd /TP /analyze- /errorReport:prompt main.cpp
         main.cpp
     1>c:\users\temp\desktop\github\c-plus-plus-demo\09_05_12\variables\variables\main.cpp(26): warning C4996: 'getch': The POSIX name for this item is deprecated. Instead, use the ISO C++ conformant name: _getch. See online help for details.
                 c:\program files (x86)\microsoft visual studio 10.0\vc\include\conio.h(128) : see declaration of 'getch'
       Link:
         c:\Program Files (x86)\Microsoft Visual Studio 10.0\VC\bin\link.exe /ERRORREPORT:PROMPT /OUT:"C:\Users\TEMP\Desktop\GitHub\c-plus-plus-demo\09_05_12\variables\Debug\variables.exe" /NOLOGO kernel32.lib user32.lib gdi32.lib winspool.lib comdlg32.lib advapi32.lib shell32.lib ole32.lib oleaut32.lib uuid.lib odbc32.lib odbccp32.lib /MANIFEST /ManifestFile:"Debug\variables.exe.intermediate.manifest" /MANIFESTUAC:"level='asInvoker' uiAccess='false'" /DEBUG /PDB:"C:\Users\TEMP\Desktop\GitHub\c-plus-plus-demo\09_05_12\variables\Debug\variables.pdb" /TLBID:1 /DYNAMICBASE /NXCOMPAT /IMPLIB:"C:\Users\TEMP\Desktop\GitHub\c-plus-plus-demo\09_05_12\variables\Debug\variables.lib" /MACHINE:X86 Debug\main.obj
         LINK : C:\Users\TEMP\Desktop\GitHub\c-plus-plus-demo\09_05_12\variables\Debug\variables.exe not found or not built by the last incremental link; performing full link
         variables.vcxproj -> C:\Users\TEMP\Desktop\GitHub\c-plus-plus-demo\09_05_12\variables\Debug\variables.exe
       Manifest:
         C:\Program Files (x86)\Microsoft SDKs\Windows\v7.0A\bin\mt.exe /nologo /verbose /outputresource:"C:\Users\TEMP\Desktop\GitHub\c-plus-plus-demo\09_05_12\variables\Debug\variables.exe;#1" /manifest Debug\variables.exe.intermediate.manifest
       FinalizeBuildStatus:
         Deleting file "Debug\variables.unsuccessfulbuild".
         Touching "Debug\variables.lastbuildstate".
     1>Done Building Project "C:\Users\TEMP\Desktop\GitHub\c-plus-plus-demo\09_05_12\variables\variables\variables.vcxproj" (build target(s)).

Build succeeded.

Time Elapsed 00:00:00.70
